\BOOKMARK [1][-]{section.1}{Introduction}{}% 1
\BOOKMARK [2][-]{subsection.1.1}{History}{section.1}% 2
\BOOKMARK [2][-]{subsection.1.2}{The sphere packing problem}{section.1}% 3
\BOOKMARK [2][-]{subsection.1.3}{Differences}{section.1}% 4
\BOOKMARK [2][-]{subsection.1.4}{Ten years later}{section.1}% 5
\BOOKMARK [2][-]{subsection.1.5}{Truncation}{section.1}% 6
\BOOKMARK [2][-]{subsection.1.6}{Terminology}{section.1}% 7
\BOOKMARK [1][-]{section.2}{Outline}{}% 8
\BOOKMARK [2][-]{subsection.2.1}{Formulation}{section.2}% 9
\BOOKMARK [2][-]{subsection.2.2}{Proof outline}{section.2}% 10
\BOOKMARK [1][-]{section.3}{Computation}{}% 11
\BOOKMARK [2][-]{subsection.3.1}{Electronic resources}{section.3}% 12
\BOOKMARK [2][-]{subsection.3.2}{Tarski arithmetic}{section.3}% 13
\BOOKMARK [2][-]{subsection.3.3}{Formal proof}{section.3}% 14
\BOOKMARK [2][-]{subsection.3.4}{Graph generation}{section.3}% 15
\BOOKMARK [2][-]{subsection.3.5}{Linear programs}{section.3}% 16
\BOOKMARK [2][-]{subsection.3.6}{Interval arithmetic}{section.3}% 17
\BOOKMARK [2][-]{subsection.3.7}{Nonlinear optimization}{section.3}% 18
\BOOKMARK [2][-]{subsection.3.8}{Summary}{section.3}% 19
\BOOKMARK [1][-]{section.4}{Fejes T\363th's Reduction}{}% 20
\BOOKMARK [1][-]{section.5}{Geometry of Voronoi Cells}{}% 21
\BOOKMARK [2][-]{subsection.5.1}{Basic truncation}{section.5}% 22
\BOOKMARK [3][-]{subsubsection.5.1.1}{One cap}{subsection.5.1}% 23
\BOOKMARK [3][-]{subsubsection.5.1.2}{Two caps}{subsection.5.1}% 24
\BOOKMARK [3][-]{subsubsection.5.1.3}{Three caps}{subsection.5.1}% 25
\BOOKMARK [2][-]{subsection.5.2}{Planarity}{section.5}% 26
\BOOKMARK [2][-]{subsection.5.3}{Triangles}{section.5}% 27
\BOOKMARK [2][-]{subsection.5.4}{Connecting the graph}{section.5}% 28
\BOOKMARK [2][-]{subsection.5.5}{Standard components}{section.5}% 29
\BOOKMARK [1][-]{section.6}{The Main Estimate}{}% 30
\BOOKMARK [2][-]{subsection.6.1}{Verifications in low dimension}{section.6}% 31
\BOOKMARK [2][-]{subsection.6.2}{Strategy: superadditivity}{section.6}% 32
\BOOKMARK [2][-]{subsection.6.3}{Construction of subcomponents}{section.6}% 33
\BOOKMARK [2][-]{subsection.6.4}{Deformations}{section.6}% 34
\BOOKMARK [2][-]{subsection.6.5}{Deformation at concave vertices}{section.6}% 35
\BOOKMARK [2][-]{subsection.6.6}{Deformation at convex vertices}{section.6}% 36
\BOOKMARK [3][-]{subsubsection.6.6.1}{First convex deformation}{subsection.6.6}% 37
\BOOKMARK [3][-]{subsubsection.6.6.2}{Second convex deformation}{subsection.6.6}% 38
\BOOKMARK [3][-]{subsubsection.6.6.3}{Completion of the proof}{subsection.6.6}% 39
\BOOKMARK [3][-]{subsubsection.6.6.4}{Dealing with unstable edges}{subsection.6.6}% 40
\BOOKMARK [3][-]{subsubsection.6.6.5}{Truncated corner cells}{subsection.6.6}% 41
\BOOKMARK [1][-]{section.7}{Classification of Tame Hypermaps}{}% 42
\BOOKMARK [2][-]{subsection.7.1}{Hypermap}{section.7}% 43
\BOOKMARK [2][-]{subsection.7.2}{Packings and hypermaps}{section.7}% 44
\BOOKMARK [2][-]{subsection.7.3}{Tameness}{section.7}% 45
\BOOKMARK [2][-]{subsection.7.4}{Classification}{section.7}% 46
\BOOKMARK [2][-]{subsection.7.5}{Counterexamples are tame Voronoi hypermaps}{section.7}% 47
\BOOKMARK [3][-]{subsubsection.7.5.1}{Involutive}{subsection.7.5}% 48
\BOOKMARK [3][-]{subsubsection.7.5.2}{Connected}{subsection.7.5}% 49
\BOOKMARK [3][-]{subsubsection.7.5.3}{Simple}{subsection.7.5}% 50
\BOOKMARK [3][-]{subsubsection.7.5.4}{Node cardinality}{subsection.7.5}% 51
\BOOKMARK [3][-]{subsubsection.7.5.5}{Face cardinality}{subsection.7.5}% 52
\BOOKMARK [3][-]{subsubsection.7.5.6}{Triangle types}{subsection.7.5}% 53
\BOOKMARK [3][-]{subsubsection.7.5.7}{Adjacent degrees}{subsection.7.5}% 54
\BOOKMARK [3][-]{subsubsection.7.5.8}{Quadrilateral types}{subsection.7.5}% 55
\BOOKMARK [3][-]{subsubsection.7.5.9}{Degree}{subsection.7.5}% 56
\BOOKMARK [3][-]{subsubsection.7.5.10}{Degrees}{subsection.7.5}% 57
\BOOKMARK [3][-]{subsubsection.7.5.11}{Total weight}{subsection.7.5}% 58
\BOOKMARK [3][-]{subsubsection.7.5.12}{Voronoi weight}{subsection.7.5}% 59
\BOOKMARK [1][-]{section.8}{Linear Programs}{}% 60
\BOOKMARK [2][-]{subsection.8.1}{Counterexample implies feasibility}{section.8}% 61
